<?xml version="1.0" encoding="UTF-8"?>
<testsuite name="com.tw.LibraryTest" tests="1" skipped="0" failures="0" errors="0" timestamp="2019-05-05T04:44:56" hostname="DESKTOP-0EL7MOI" time="0.35">
  <properties/>
  <testcase name="testMockClass" classname="com.tw.LibraryTest" time="0.35"/>
  <system-out><![CDATA[]]></system-out>
  <system-err><![CDATA[]]></system-err>
</testsuite>
